2026-04-13T15:58:55.196+05:30  INFO 12044 --- [ibm-clinic-eureka-server] [restartedMain] com.ibm.server.App                       : Starting App using Java 17.0.18 with PID 12044 (D:\Projects\ibm-26-mar-2026\java-ws\ibm-microservices-demo\ibm-clinic-eureka-server\target\classes started by DELL in D:\Projects\ibm-26-mar-2026\java-ws\ibm-microservices-demo\ibm-clinic-eureka-server)
2026-04-13T15:58:55.204+05:30  INFO 12044 --- [ibm-clinic-eureka-server] [restartedMain] com.ibm.server.App                       : No active profile set, falling back to 1 default profile: "default"
2026-04-13T15:58:55.495+05:30  INFO 12044 --- [ibm-clinic-eureka-server] [restartedMain] .e.DevToolsPropertyDefaultsPostProcessor : Devtools property defaults active! Set 'spring.devtools.add-properties' to 'false' to disable
2026-04-13T15:58:55.498+05:30  INFO 12044 --- [ibm-clinic-eureka-server] [restartedMain] .e.DevToolsPropertyDefaultsPostProcessor : For additional web related logging consider setting the 'logging.level.web' property to 'DEBUG'
2026-04-13T15:58:58.480+05:30  INFO 12044 --- [ibm-clinic-eureka-server] [restartedMain] o.s.cloud.context.scope.GenericScope     : BeanFactory id=a54db44d-30d1-3faa-87ba-23d471f59ab4
2026-04-13T15:58:58.682+05:30  WARN 12044 --- [ibm-clinic-eureka-server] [restartedMain] trationDelegate$BeanPostProcessorChecker : Bean 'org.springframework.cloud.client.loadbalancer.LoadBalancerAutoConfiguration$LoadBalancerInterceptorConfig' of type [org.springframework.cloud.client.loadbalancer.LoadBalancerAutoConfiguration$LoadBalancerInterceptorConfig] is not eligible for getting processed by all BeanPostProcessors (for example: not eligible for auto-proxying). The currently created BeanPostProcessor [lbRestClientPostProcessor] is declared through a non-static factory method on that class; consider declaring it as static instead.
2026-04-13T15:58:58.698+05:30  WARN 12044 --- [ibm-clinic-eureka-server] [restartedMain] trationDelegate$BeanPostProcessorChecker : Bean 'org.springframework.cloud.loadbalancer.config.BlockingLoadBalancerClientAutoConfiguration' of type [org.springframework.cloud.loadbalancer.config.BlockingLoadBalancerClientAutoConfiguration] is not eligible for getting processed by all BeanPostProcessors (for example: not eligible for auto-proxying). Is this bean getting eagerly injected into a currently created BeanPostProcessor [lbRestClientPostProcessor]? Check the corresponding BeanPostProcessor declaration and its dependencies.
2026-04-13T15:58:58.703+05:30  WARN 12044 --- [ibm-clinic-eureka-server] [restartedMain] trationDelegate$BeanPostProcessorChecker : Bean 'org.springframework.cloud.loadbalancer.config.LoadBalancerAutoConfiguration' of type [org.springframework.cloud.loadbalancer.config.LoadBalancerAutoConfiguration] is not eligible for getting processed by all BeanPostProcessors (for example: not eligible for auto-proxying). Is this bean getting eagerly injected into a currently created BeanPostProcessor [lbRestClientPostProcessor]? Check the corresponding BeanPostProcessor declaration and its dependencies.
2026-04-13T15:58:58.734+05:30  WARN 12044 --- [ibm-clinic-eureka-server] [restartedMain] trationDelegate$BeanPostProcessorChecker : Bean 'org.springframework.cloud.commons.config.CommonsConfigAutoConfiguration' of type [org.springframework.cloud.commons.config.CommonsConfigAutoConfiguration] is not eligible for getting processed by all BeanPostProcessors (for example: not eligible for auto-proxying). Is this bean getting eagerly injected into a currently created BeanPostProcessor [lbRestClientPostProcessor]? Check the corresponding BeanPostProcessor declaration and its dependencies.
2026-04-13T15:58:58.739+05:30  WARN 12044 --- [ibm-clinic-eureka-server] [restartedMain] trationDelegate$BeanPostProcessorChecker : Bean 'org.springframework.cloud.client.loadbalancer.LoadBalancerDefaultMappingsProviderAutoConfiguration' of type [org.springframework.cloud.client.loadbalancer.LoadBalancerDefaultMappingsProviderAutoConfiguration] is not eligible for getting processed by all BeanPostProcessors (for example: not eligible for auto-proxying). Is this bean getting eagerly injected into a currently created BeanPostProcessor [lbRestClientPostProcessor]? Check the corresponding BeanPostProcessor declaration and its dependencies.
2026-04-13T15:58:58.742+05:30  WARN 12044 --- [ibm-clinic-eureka-server] [restartedMain] trationDelegate$BeanPostProcessorChecker : Bean 'loadBalancerClientsDefaultsMappingsProvider' of type [org.springframework.cloud.client.loadbalancer.LoadBalancerDefaultMappingsProviderAutoConfiguration$$Lambda$471/0x00000253e2353320] is not eligible for getting processed by all BeanPostProcessors (for example: not eligible for auto-proxying). Is this bean getting eagerly injected into a currently created BeanPostProcessor [lbRestClientPostProcessor]? Check the corresponding BeanPostProcessor declaration and its dependencies.
2026-04-13T15:58:58.748+05:30  WARN 12044 --- [ibm-clinic-eureka-server] [restartedMain] trationDelegate$BeanPostProcessorChecker : Bean 'defaultsBindHandlerAdvisor' of type [org.springframework.cloud.commons.config.DefaultsBindHandlerAdvisor] is not eligible for getting processed by all BeanPostProcessors (for example: not eligible for auto-proxying). Is this bean getting eagerly injected into a currently created BeanPostProcessor [lbRestClientPostProcessor]? Check the corresponding BeanPostProcessor declaration and its dependencies.
2026-04-13T15:58:58.767+05:30  WARN 12044 --- [ibm-clinic-eureka-server] [restartedMain] trationDelegate$BeanPostProcessorChecker : Bean 'spring.cloud.loadbalancer-org.springframework.cloud.client.loadbalancer.LoadBalancerClientsProperties' of type [org.springframework.cloud.client.loadbalancer.LoadBalancerClientsProperties] is not eligible for getting processed by all BeanPostProcessors (for example: not eligible for auto-proxying). Is this bean getting eagerly injected into a currently created BeanPostProcessor [lbRestClientPostProcessor]? Check the corresponding BeanPostProcessor declaration and its dependencies.
2026-04-13T15:58:58.792+05:30  WARN 12044 --- [ibm-clinic-eureka-server] [restartedMain] trationDelegate$BeanPostProcessorChecker : Bean 'default.org.springframework.cloud.loadbalancer.config.LoadBalancerAutoConfiguration.LoadBalancerClientSpecification' of type [org.springframework.cloud.loadbalancer.annotation.LoadBalancerClientSpecification] is not eligible for getting processed by all BeanPostProcessors (for example: not eligible for auto-proxying). Is this bean getting eagerly injected into a currently created BeanPostProcessor [lbRestClientPostProcessor]? Check the corresponding BeanPostProcessor declaration and its dependencies.
2026-04-13T15:58:58.796+05:30  WARN 12044 --- [ibm-clinic-eureka-server] [restartedMain] trationDelegate$BeanPostProcessorChecker : Bean 'default.org.springframework.cloud.loadbalancer.config.BlockingLoadBalancerClientAutoConfiguration.LoadBalancerClientSpecification' of type [org.springframework.cloud.loadbalancer.annotation.LoadBalancerClientSpecification] is not eligible for getting processed by all BeanPostProcessors (for example: not eligible for auto-proxying). Is this bean getting eagerly injected into a currently created BeanPostProcessor [lbRestClientPostProcessor]? Check the corresponding BeanPostProcessor declaration and its dependencies.
2026-04-13T15:58:58.798+05:30  WARN 12044 --- [ibm-clinic-eureka-server] [restartedMain] trationDelegate$BeanPostProcessorChecker : Bean 'default.org.springframework.cloud.netflix.eureka.loadbalancer.LoadBalancerEurekaAutoConfiguration.LoadBalancerClientSpecification' of type [org.springframework.cloud.loadbalancer.annotation.LoadBalancerClientSpecification] is not eligible for getting processed by all BeanPostProcessors (for example: not eligible for auto-proxying). Is this bean getting eagerly injected into a currently created BeanPostProcessor [lbRestClientPostProcessor]? Check the corresponding BeanPostProcessor declaration and its dependencies.
2026-04-13T15:58:58.806+05:30  WARN 12044 --- [ibm-clinic-eureka-server] [restartedMain] trationDelegate$BeanPostProcessorChecker : Bean 'loadBalancerClientFactory' of type [org.springframework.cloud.loadbalancer.support.LoadBalancerClientFactory] is not eligible for getting processed by all BeanPostProcessors (for example: not eligible for auto-proxying). Is this bean getting eagerly injected into a currently created BeanPostProcessor [lbRestClientPostProcessor]? Check the corresponding BeanPostProcessor declaration and its dependencies.
2026-04-13T15:58:58.815+05:30  WARN 12044 --- [ibm-clinic-eureka-server] [restartedMain] trationDelegate$BeanPostProcessorChecker : Bean 'blockingLoadBalancerClient' of type [org.springframework.cloud.loadbalancer.blocking.client.BlockingLoadBalancerClient] is not eligible for getting processed by all BeanPostProcessors (for example: not eligible for auto-proxying). Is this bean getting eagerly injected into a currently created BeanPostProcessor [lbRestClientPostProcessor]? Check the corresponding BeanPostProcessor declaration and its dependencies.
2026-04-13T15:58:58.839+05:30  WARN 12044 --- [ibm-clinic-eureka-server] [restartedMain] trationDelegate$BeanPostProcessorChecker : Bean 'loadBalancerServiceInstanceCookieTransformer' of type [org.springframework.cloud.loadbalancer.core.LoadBalancerServiceInstanceCookieTransformer] is not eligible for getting processed by all BeanPostProcessors (for example: not eligible for auto-proxying). Is this bean getting eagerly injected into a currently created BeanPostProcessor [lbRestClientPostProcessor]? Check the corresponding BeanPostProcessor declaration and its dependencies.
2026-04-13T15:58:58.843+05:30  WARN 12044 --- [ibm-clinic-eureka-server] [restartedMain] trationDelegate$BeanPostProcessorChecker : Bean 'xForwarderHeadersTransformer' of type [org.springframework.cloud.loadbalancer.blocking.XForwardedHeadersTransformer] is not eligible for getting processed by all BeanPostProcessors (for example: not eligible for auto-proxying). Is this bean getting eagerly injected into a currently created BeanPostProcessor [lbRestClientPostProcessor]? Check the corresponding BeanPostProcessor declaration and its dependencies.
2026-04-13T15:58:58.845+05:30  WARN 12044 --- [ibm-clinic-eureka-server] [restartedMain] trationDelegate$BeanPostProcessorChecker : Bean 'org.springframework.cloud.client.loadbalancer.LoadBalancerAutoConfiguration' of type [org.springframework.cloud.client.loadbalancer.LoadBalancerAutoConfiguration] is not eligible for getting processed by all BeanPostProcessors (for example: not eligible for auto-proxying). Is this bean getting eagerly injected into a currently created BeanPostProcessor [lbRestClientPostProcessor]? Check the corresponding BeanPostProcessor declaration and its dependencies.
2026-04-13T15:58:58.849+05:30  WARN 12044 --- [ibm-clinic-eureka-server] [restartedMain] trationDelegate$BeanPostProcessorChecker : Bean 'loadBalancerRequestFactory' of type [org.springframework.cloud.client.loadbalancer.LoadBalancerRequestFactory] is not eligible for getting processed by all BeanPostProcessors (for example: not eligible for auto-proxying). Is this bean getting eagerly injected into a currently created BeanPostProcessor [lbRestClientPostProcessor]? Check the corresponding BeanPostProcessor declaration and its dependencies.
2026-04-13T15:58:58.852+05:30  WARN 12044 --- [ibm-clinic-eureka-server] [restartedMain] trationDelegate$BeanPostProcessorChecker : Bean 'loadBalancerInterceptor' of type [org.springframework.cloud.client.loadbalancer.LoadBalancerInterceptor] is not eligible for getting processed by all BeanPostProcessors (for example: not eligible for auto-proxying). Is this bean getting eagerly injected into a currently created BeanPostProcessor [lbRestClientPostProcessor]? Check the corresponding BeanPostProcessor declaration and its dependencies.
2026-04-13T15:58:59.983+05:30  INFO 12044 --- [ibm-clinic-eureka-server] [restartedMain] o.s.b.w.embedded.tomcat.TomcatWebServer  : Tomcat initialized with port 8761 (http)
2026-04-13T15:59:00.013+05:30  INFO 12044 --- [ibm-clinic-eureka-server] [restartedMain] o.apache.catalina.core.StandardService   : Starting service [Tomcat]
2026-04-13T15:59:00.014+05:30  INFO 12044 --- [ibm-clinic-eureka-server] [restartedMain] o.apache.catalina.core.StandardEngine    : Starting Servlet engine: [Apache Tomcat/10.1.19]
2026-04-13T15:59:00.200+05:30  INFO 12044 --- [ibm-clinic-eureka-server] [restartedMain] o.a.c.c.C.[Tomcat].[localhost].[/]       : Initializing Spring embedded WebApplicationContext
2026-04-13T15:59:00.201+05:30  INFO 12044 --- [ibm-clinic-eureka-server] [restartedMain] w.s.c.ServletWebServerApplicationContext : Root WebApplicationContext: initialization completed in 4702 ms
2026-04-13T15:59:02.411+05:30  INFO 12044 --- [ibm-clinic-eureka-server] [restartedMain] c.n.d.provider.DiscoveryJerseyProvider   : Using JSON encoding codec LegacyJacksonJson
2026-04-13T15:59:02.412+05:30  INFO 12044 --- [ibm-clinic-eureka-server] [restartedMain] c.n.d.provider.DiscoveryJerseyProvider   : Using JSON decoding codec LegacyJacksonJson
2026-04-13T15:59:02.748+05:30  INFO 12044 --- [ibm-clinic-eureka-server] [restartedMain] c.n.d.provider.DiscoveryJerseyProvider   : Using XML encoding codec XStreamXml
2026-04-13T15:59:02.748+05:30  INFO 12044 --- [ibm-clinic-eureka-server] [restartedMain] c.n.d.provider.DiscoveryJerseyProvider   : Using XML decoding codec XStreamXml
2026-04-13T15:59:04.192+05:30  WARN 12044 --- [ibm-clinic-eureka-server] [restartedMain] o.s.b.d.a.OptionalLiveReloadServer       : Unable to start LiveReload server
2026-04-13T15:59:04.447+05:30  WARN 12044 --- [ibm-clinic-eureka-server] [restartedMain] iguration$LoadBalancerCaffeineWarnLogger : Spring Cloud LoadBalancer is currently working with the default cache. While this cache implementation is useful for development and tests, it's recommended to use Caffeine cache in production.You can switch to using Caffeine cache, by adding it and org.springframework.cache.caffeine.CaffeineCacheManager to the classpath.
2026-04-13T15:59:04.479+05:30  INFO 12044 --- [ibm-clinic-eureka-server] [restartedMain] o.s.c.n.eureka.InstanceInfoFactory       : Setting initial instance status as: STARTING
2026-04-13T15:59:04.521+05:30  INFO 12044 --- [ibm-clinic-eureka-server] [restartedMain] com.netflix.discovery.DiscoveryClient    : Initializing Eureka in region us-east-1
2026-04-13T15:59:04.521+05:30  INFO 12044 --- [ibm-clinic-eureka-server] [restartedMain] com.netflix.discovery.DiscoveryClient    : Client configured to neither register nor query for data.
2026-04-13T15:59:04.534+05:30  INFO 12044 --- [ibm-clinic-eureka-server] [restartedMain] com.netflix.discovery.DiscoveryClient    : Discovery Client initialized at timestamp 1776076144533 with initial instances count: 0
2026-04-13T15:59:04.614+05:30  INFO 12044 --- [ibm-clinic-eureka-server] [restartedMain] c.n.eureka.DefaultEurekaServerContext    : Initializing ...
2026-04-13T15:59:04.619+05:30  INFO 12044 --- [ibm-clinic-eureka-server] [restartedMain] c.n.eureka.cluster.PeerEurekaNodes       : Adding new peer nodes [http://localhost:8761/eureka/]
2026-04-13T15:59:04.872+05:30  INFO 12044 --- [ibm-clinic-eureka-server] [restartedMain] c.n.d.provider.DiscoveryJerseyProvider   : Using JSON encoding codec LegacyJacksonJson
2026-04-13T15:59:04.873+05:30  INFO 12044 --- [ibm-clinic-eureka-server] [restartedMain] c.n.d.provider.DiscoveryJerseyProvider   : Using JSON decoding codec LegacyJacksonJson
2026-04-13T15:59:04.873+05:30  INFO 12044 --- [ibm-clinic-eureka-server] [restartedMain] c.n.d.provider.DiscoveryJerseyProvider   : Using XML encoding codec XStreamXml
2026-04-13T15:59:04.873+05:30  INFO 12044 --- [ibm-clinic-eureka-server] [restartedMain] c.n.d.provider.DiscoveryJerseyProvider   : Using XML decoding codec XStreamXml
2026-04-13T15:59:05.170+05:30  INFO 12044 --- [ibm-clinic-eureka-server] [restartedMain] c.n.eureka.cluster.PeerEurekaNodes       : Replica node URL:  http://localhost:8761/eureka/
2026-04-13T15:59:05.204+05:30  INFO 12044 --- [ibm-clinic-eureka-server] [restartedMain] c.n.e.registry.AbstractInstanceRegistry  : Finished initializing remote region registries. All known remote regions: []
2026-04-13T15:59:05.205+05:30  INFO 12044 --- [ibm-clinic-eureka-server] [restartedMain] c.n.eureka.DefaultEurekaServerContext    : Initialized
2026-04-13T15:59:05.225+05:30  INFO 12044 --- [ibm-clinic-eureka-server] [restartedMain] o.s.b.a.e.web.EndpointLinksResolver      : Exposing 1 endpoint(s) beneath base path '/actuator'
2026-04-13T15:59:05.369+05:30  INFO 12044 --- [ibm-clinic-eureka-server] [restartedMain] o.s.c.n.e.s.EurekaServiceRegistry        : Registering application IBM-CLINIC-EUREKA-SERVER with eureka with status UP
2026-04-13T15:59:05.426+05:30  INFO 12044 --- [ibm-clinic-eureka-server] [Thread-13] o.s.c.n.e.server.EurekaServerBootstrap   : isAws returned false
2026-04-13T15:59:05.430+05:30  INFO 12044 --- [ibm-clinic-eureka-server] [Thread-13] o.s.c.n.e.server.EurekaServerBootstrap   : Initialized server context
2026-04-13T15:59:05.431+05:30  INFO 12044 --- [ibm-clinic-eureka-server] [Thread-13] c.n.e.r.PeerAwareInstanceRegistryImpl    : Got 1 instances from neighboring DS node
2026-04-13T15:59:05.431+05:30  INFO 12044 --- [ibm-clinic-eureka-server] [Thread-13] c.n.e.r.PeerAwareInstanceRegistryImpl    : Renew threshold is: 1
2026-04-13T15:59:05.431+05:30  INFO 12044 --- [ibm-clinic-eureka-server] [Thread-13] c.n.e.r.PeerAwareInstanceRegistryImpl    : Changing status to UP
2026-04-13T15:59:05.450+05:30  INFO 12044 --- [ibm-clinic-eureka-server] [Thread-13] e.s.EurekaServerInitializerConfiguration : Started Eureka Server
2026-04-13T15:59:05.489+05:30  INFO 12044 --- [ibm-clinic-eureka-server] [restartedMain] o.s.b.w.embedded.tomcat.TomcatWebServer  : Tomcat started on port 8761 (http) with context path ''
2026-04-13T15:59:05.494+05:30  INFO 12044 --- [ibm-clinic-eureka-server] [restartedMain] .s.c.n.e.s.EurekaAutoServiceRegistration : Updating port to 8761
2026-04-13T15:59:05.630+05:30  INFO 12044 --- [ibm-clinic-eureka-server] [restartedMain] com.ibm.server.App                       : Started App in 11.894 seconds (process running for 17.453)
2026-04-13T15:59:05.655+05:30  INFO 12044 --- [ibm-clinic-eureka-server] [restartedMain] com.ibm.server.App                       : Started.
2026-04-13T15:59:18.794+05:30  INFO 12044 --- [ibm-clinic-eureka-server] [http-nio-8761-exec-1] o.a.c.c.C.[Tomcat].[localhost].[/]       : Initializing Spring DispatcherServlet 'dispatcherServlet'
2026-04-13T15:59:18.794+05:30  INFO 12044 --- [ibm-clinic-eureka-server] [http-nio-8761-exec-1] o.s.web.servlet.DispatcherServlet        : Initializing Servlet 'dispatcherServlet'
2026-04-13T15:59:18.796+05:30  INFO 12044 --- [ibm-clinic-eureka-server] [http-nio-8761-exec-1] o.s.web.servlet.DispatcherServlet        : Completed initialization in 1 ms
2026-04-13T15:59:19.118+05:30  WARN 12044 --- [ibm-clinic-eureka-server] [http-nio-8761-exec-2] c.n.e.registry.AbstractInstanceRegistry  : DS: Registry: lease doesn't exist, registering resource: IBM-CLINIC-API-GATEWAY - 172.23.140.96:ibm-clinic-api-gateway:9001
2026-04-13T15:59:19.118+05:30  WARN 12044 --- [ibm-clinic-eureka-server] [http-nio-8761-exec-2] c.n.eureka.resources.InstanceResource    : Not Found (Renew): IBM-CLINIC-API-GATEWAY - 172.23.140.96:ibm-clinic-api-gateway:9001
2026-04-13T15:59:19.493+05:30  INFO 12044 --- [ibm-clinic-eureka-server] [http-nio-8761-exec-5] c.n.e.registry.AbstractInstanceRegistry  : Registered instance IBM-APPOINTMENT-SERVICE/172.23.140.96:ibm-appointment-service:9002 with status UP (replication=false)
2026-04-13T15:59:19.493+05:30  INFO 12044 --- [ibm-clinic-eureka-server] [http-nio-8761-exec-6] c.n.e.registry.AbstractInstanceRegistry  : Registered instance IBM-CLINIC-API-GATEWAY/172.23.140.96:ibm-clinic-api-gateway:9001 with status UP (replication=false)
2026-04-13T15:59:19.494+05:30  INFO 12044 --- [ibm-clinic-eureka-server] [http-nio-8761-exec-4] c.n.e.registry.AbstractInstanceRegistry  : Registered instance IBM-CLINIC-API-GATEWAY/172.23.140.96:ibm-clinic-api-gateway:9001 with status UP (replication=false)
2026-04-13T15:59:20.234+05:30  INFO 12044 --- [ibm-clinic-eureka-server] [http-nio-8761-exec-7] c.n.e.registry.AbstractInstanceRegistry  : Registered instance IBM-CLINIC-API-GATEWAY/172.23.140.96:ibm-clinic-api-gateway:9001 with status UP (replication=true)
2026-04-13T15:59:20.235+05:30  INFO 12044 --- [ibm-clinic-eureka-server] [http-nio-8761-exec-7] c.n.e.registry.AbstractInstanceRegistry  : Registered instance IBM-APPOINTMENT-SERVICE/172.23.140.96:ibm-appointment-service:9002 with status UP (replication=true)
2026-04-13T15:59:35.965+05:30  INFO 12044 --- [ibm-clinic-eureka-server] [http-nio-8761-exec-9] c.n.e.registry.AbstractInstanceRegistry  : Registered instance IBM-DOCTOR-SERVICE/172.23.140.96:ibm-doctor-service:9003 with status UP (replication=false)
2026-04-13T15:59:36.488+05:30  INFO 12044 --- [ibm-clinic-eureka-server] [http-nio-8761-exec-10] c.n.e.registry.AbstractInstanceRegistry  : Registered instance IBM-DOCTOR-SERVICE/172.23.140.96:ibm-doctor-service:9003 with status UP (replication=true)
2026-04-13T15:59:49.631+05:30  INFO 12044 --- [ibm-clinic-eureka-server] [http-nio-8761-exec-5] c.n.e.registry.AbstractInstanceRegistry  : Registered instance IBM-PATIENT-SERVICE/172.23.140.96:ibm-patient-service:9004 with status UP (replication=false)
2026-04-13T15:59:49.663+05:30  INFO 12044 --- [ibm-clinic-eureka-server] [http-nio-8761-exec-7] c.n.e.registry.AbstractInstanceRegistry  : Registered instance IBM-PATIENT-SERVICE/172.23.140.96:ibm-patient-service:9004 with status UP (replication=true)
2026-04-13T16:00:05.436+05:30  INFO 12044 --- [ibm-clinic-eureka-server] [Eureka-EvictionTimer] c.n.e.registry.AbstractInstanceRegistry  : Running the evict task with compensationTime 0ms
2026-04-13T16:01:05.441+05:30  INFO 12044 --- [ibm-clinic-eureka-server] [Eureka-EvictionTimer] c.n.e.registry.AbstractInstanceRegistry  : Running the evict task with compensationTime 5ms
2026-04-13T16:02:05.442+05:30  INFO 12044 --- [ibm-clinic-eureka-server] [Eureka-EvictionTimer] c.n.e.registry.AbstractInstanceRegistry  : Running the evict task with compensationTime 1ms
2026-04-13T16:03:05.450+05:30  INFO 12044 --- [ibm-clinic-eureka-server] [Eureka-EvictionTimer] c.n.e.registry.AbstractInstanceRegistry  : Running the evict task with compensationTime 8ms
2026-04-13T16:04:05.459+05:30  INFO 12044 --- [ibm-clinic-eureka-server] [Eureka-EvictionTimer] c.n.e.registry.AbstractInstanceRegistry  : Running the evict task with compensationTime 8ms
2026-04-13T16:05:05.473+05:30  INFO 12044 --- [ibm-clinic-eureka-server] [Eureka-EvictionTimer] c.n.e.registry.AbstractInstanceRegistry  : Running the evict task with compensationTime 14ms
2026-04-13T16:06:05.486+05:30  INFO 12044 --- [ibm-clinic-eureka-server] [Eureka-EvictionTimer] c.n.e.registry.AbstractInstanceRegistry  : Running the evict task with compensationTime 13ms
2026-04-13T16:07:05.490+05:30  INFO 12044 --- [ibm-clinic-eureka-server] [Eureka-EvictionTimer] c.n.e.registry.AbstractInstanceRegistry  : Running the evict task with compensationTime 3ms
2026-04-13T16:08:05.504+05:30  INFO 12044 --- [ibm-clinic-eureka-server] [Eureka-EvictionTimer] c.n.e.registry.AbstractInstanceRegistry  : Running the evict task with compensationTime 13ms
2026-04-13T16:09:05.517+05:30  INFO 12044 --- [ibm-clinic-eureka-server] [Eureka-EvictionTimer] c.n.e.registry.AbstractInstanceRegistry  : Running the evict task with compensationTime 13ms
2026-04-13T16:10:05.521+05:30  INFO 12044 --- [ibm-clinic-eureka-server] [Eureka-EvictionTimer] c.n.e.registry.AbstractInstanceRegistry  : Running the evict task with compensationTime 3ms
2026-04-13T16:11:05.525+05:30  INFO 12044 --- [ibm-clinic-eureka-server] [Eureka-EvictionTimer] c.n.e.registry.AbstractInstanceRegistry  : Running the evict task with compensationTime 3ms
2026-04-13T16:12:05.527+05:30  INFO 12044 --- [ibm-clinic-eureka-server] [Eureka-EvictionTimer] c.n.e.registry.AbstractInstanceRegistry  : Running the evict task with compensationTime 2ms
2026-04-13T16:13:05.538+05:30  INFO 12044 --- [ibm-clinic-eureka-server] [Eureka-EvictionTimer] c.n.e.registry.AbstractInstanceRegistry  : Running the evict task with compensationTime 10ms
2026-04-13T16:14:05.205+05:30  INFO 12044 --- [ibm-clinic-eureka-server] [ReplicaAwareInstanceRegistry - RenewalThresholdUpdater] c.n.e.r.PeerAwareInstanceRegistryImpl    : Current renewal threshold is : 10
2026-04-13T16:14:05.547+05:30  INFO 12044 --- [ibm-clinic-eureka-server] [Eureka-EvictionTimer] c.n.e.registry.AbstractInstanceRegistry  : Running the evict task with compensationTime 9ms
2026-04-13T16:15:05.551+05:30  INFO 12044 --- [ibm-clinic-eureka-server] [Eureka-EvictionTimer] c.n.e.registry.AbstractInstanceRegistry  : Running the evict task with compensationTime 3ms
2026-04-13T16:16:05.556+05:30  INFO 12044 --- [ibm-clinic-eureka-server] [Eureka-EvictionTimer] c.n.e.registry.AbstractInstanceRegistry  : Running the evict task with compensationTime 4ms
2026-04-13T16:17:05.567+05:30  INFO 12044 --- [ibm-clinic-eureka-server] [Eureka-EvictionTimer] c.n.e.registry.AbstractInstanceRegistry  : Running the evict task with compensationTime 11ms
2026-04-13T16:18:05.568+05:30  INFO 12044 --- [ibm-clinic-eureka-server] [Eureka-EvictionTimer] c.n.e.registry.AbstractInstanceRegistry  : Running the evict task with compensationTime 0ms
2026-04-13T16:19:05.569+05:30  INFO 12044 --- [ibm-clinic-eureka-server] [Eureka-EvictionTimer] c.n.e.registry.AbstractInstanceRegistry  : Running the evict task with compensationTime 0ms
2026-04-13T16:20:05.580+05:30  INFO 12044 --- [ibm-clinic-eureka-server] [Eureka-EvictionTimer] c.n.e.registry.AbstractInstanceRegistry  : Running the evict task with compensationTime 11ms
2026-04-13T16:21:05.587+05:30  INFO 12044 --- [ibm-clinic-eureka-server] [Eureka-EvictionTimer] c.n.e.registry.AbstractInstanceRegistry  : Running the evict task with compensationTime 7ms
2026-04-13T16:22:05.600+05:30  INFO 12044 --- [ibm-clinic-eureka-server] [Eureka-EvictionTimer] c.n.e.registry.AbstractInstanceRegistry  : Running the evict task with compensationTime 13ms
2026-04-13T16:23:05.603+05:30  INFO 12044 --- [ibm-clinic-eureka-server] [Eureka-EvictionTimer] c.n.e.registry.AbstractInstanceRegistry  : Running the evict task with compensationTime 2ms
2026-04-13T16:24:05.615+05:30  INFO 12044 --- [ibm-clinic-eureka-server] [Eureka-EvictionTimer] c.n.e.registry.AbstractInstanceRegistry  : Running the evict task with compensationTime 11ms
